{"total": {"lines":{"total":2826,"covered":520,"skipped":0,"pct":18.4},"statements":{"total":3196,"covered":588,"skipped":0,"pct":18.39},"functions":{"total":650,"covered":114,"skipped":0,"pct":17.53},"branches":{"total":2773,"covered":339,"skipped":0,"pct":12.22},"branchesTrue":{"total":0,"covered":0,"skipped":0,"pct":100}}
,"/workspace/src/data/catalog/catalog.ts": {"lines":{"total":43,"covered":0,"skipped":0,"pct":0},"functions":{"total":7,"covered":0,"skipped":0,"pct":0},"statements":{"total":45,"covered":0,"skipped":0,"pct":0},"branches":{"total":42,"covered":0,"skipped":0,"pct":0}}
,"/workspace/src/data/catalog/client.ts": {"lines":{"total":37,"covered":15,"skipped":0,"pct":40.54},"functions":{"total":9,"covered":4,"skipped":0,"pct":44.44},"statements":{"total":41,"covered":16,"skipped":0,"pct":39.02},"branches":{"total":45,"covered":11,"skipped":0,"pct":24.44}}
,"/workspace/src/data/catalog/kinopoisk.ts": {"lines":{"total":138,"covered":0,"skipped":0,"pct":0},"functions":{"total":26,"covered":0,"skipped":0,"pct":0},"statements":{"total":158,"covered":0,"skipped":0,"pct":0},"branches":{"total":155,"covered":0,"skipped":0,"pct":0}}
,"/workspace/src/data/catalog/parse.ts": {"lines":{"total":223,"covered":96,"skipped":0,"pct":43.04},"functions":{"total":48,"covered":24,"skipped":0,"pct":50},"statements":{"total":270,"covered":108,"skipped":0,"pct":40},"branches":{"total":242,"covered":68,"skipped":0,"pct":28.09}}
,"/workspace/src/data/catalog/tmdb.ts": {"lines":{"total":125,"covered":0,"skipped":0,"pct":0},"functions":{"total":17,"covered":0,"skipped":0,"pct":0},"statements":{"total":138,"covered":0,"skipped":0,"pct":0},"branches":{"total":166,"covered":0,"skipped":0,"pct":0}}
,"/workspace/src/data/catalog/types.ts": {"lines":{"total":2,"covered":2,"skipped":0,"pct":100},"functions":{"total":0,"covered":0,"skipped":0,"pct":100},"statements":{"total":2,"covered":2,"skipped":0,"pct":100},"branches":{"total":0,"covered":0,"skipped":0,"pct":100}}
,"/workspace/src/data/catalog/win1251.ts": {"lines":{"total":33,"covered":33,"skipped":0,"pct":100},"functions":{"total":5,"covered":5,"skipped":0,"pct":100},"statements":{"total":40,"covered":40,"skipped":0,"pct":100},"branches":{"total":18,"covered":17,"skipped":0,"pct":94.44}}
,"/workspace/src/features/downloads/MediaFetchHost.tsx": {"lines":{"total":28,"covered":0,"skipped":0,"pct":0},"functions":{"total":9,"covered":0,"skipped":0,"pct":0},"statements":{"total":34,"covered":0,"skipped":0,"pct":0},"branches":{"total":12,"covered":0,"skipped":0,"pct":0}}
,"/workspace/src/features/downloads/db.ts": {"lines":{"total":43,"covered":0,"skipped":0,"pct":0},"functions":{"total":10,"covered":0,"skipped":0,"pct":0},"statements":{"total":44,"covered":0,"skipped":0,"pct":0},"branches":{"total":81,"covered":0,"skipped":0,"pct":0}}
,"/workspace/src/features/downloads/foreground.ts": {"lines":{"total":25,"covered":0,"skipped":0,"pct":0},"functions":{"total":6,"covered":0,"skipped":0,"pct":0},"statements":{"total":31,"covered":0,"skipped":0,"pct":0},"branches":{"total":14,"covered":0,"skipped":0,"pct":0}}
,"/workspace/src/features/downloads/hls.ts": {"lines":{"total":179,"covered":9,"skipped":0,"pct":5.02},"functions":{"total":26,"covered":6,"skipped":0,"pct":23.07},"statements":{"total":200,"covered":10,"skipped":0,"pct":5},"branches":{"total":136,"covered":10,"skipped":0,"pct":7.35}}
,"/workspace/src/features/downloads/hlsPlaylist.ts": {"lines":{"total":58,"covered":54,"skipped":0,"pct":93.1},"functions":{"total":8,"covered":7,"skipped":0,"pct":87.5},"statements":{"total":68,"covered":60,"skipped":0,"pct":88.23},"branches":{"total":51,"covered":36,"skipped":0,"pct":70.58}}
,"/workspace/src/features/downloads/match.ts": {"lines":{"total":16,"covered":9,"skipped":0,"pct":56.25},"functions":{"total":8,"covered":3,"skipped":0,"pct":37.5},"statements":{"total":19,"covered":12,"skipped":0,"pct":63.15},"branches":{"total":39,"covered":20,"skipped":0,"pct":51.28}}
,"/workspace/src/features/downloads/mediaFetch.ts": {"lines":{"total":99,"covered":5,"skipped":0,"pct":5.05},"functions":{"total":23,"covered":1,"skipped":0,"pct":4.34},"statements":{"total":109,"covered":6,"skipped":0,"pct":5.5},"branches":{"total":88,"covered":0,"skipped":0,"pct":0}}
,"/workspace/src/features/downloads/progressive.ts": {"lines":{"total":11,"covered":0,"skipped":0,"pct":0},"functions":{"total":2,"covered":0,"skipped":0,"pct":0},"statements":{"total":11,"covered":0,"skipped":0,"pct":0},"branches":{"total":8,"covered":0,"skipped":0,"pct":0}}
,"/workspace/src/features/downloads/store.ts": {"lines":{"total":250,"covered":39,"skipped":0,"pct":15.6},"functions":{"total":44,"covered":8,"skipped":0,"pct":18.18},"statements":{"total":276,"covered":40,"skipped":0,"pct":14.49},"branches":{"total":167,"covered":10,"skipped":0,"pct":5.98}}
,"/workspace/src/features/downloads/types.ts": {"lines":{"total":0,"covered":0,"skipped":0,"pct":100},"functions":{"total":0,"covered":0,"skipped":0,"pct":100},"statements":{"total":0,"covered":0,"skipped":0,"pct":100},"branches":{"total":0,"covered":0,"skipped":0,"pct":100}}
,"/workspace/src/features/downloads/urlHelpers.ts": {"lines":{"total":12,"covered":10,"skipped":0,"pct":83.33},"functions":{"total":4,"covered":4,"skipped":0,"pct":100},"statements":{"total":15,"covered":12,"skipped":0,"pct":80},"branches":{"total":12,"covered":10,"skipped":0,"pct":83.33}}
,"/workspace/src/features/downloads/youtube.ts": {"lines":{"total":183,"covered":21,"skipped":0,"pct":11.47},"functions":{"total":33,"covered":1,"skipped":0,"pct":3.03},"statements":{"total":206,"covered":24,"skipped":0,"pct":11.65},"branches":{"total":224,"covered":26,"skipped":0,"pct":11.6}}
,"/workspace/src/features/favorites/db.ts": {"lines":{"total":18,"covered":0,"skipped":0,"pct":0},"functions":{"total":7,"covered":0,"skipped":0,"pct":0},"statements":{"total":18,"covered":0,"skipped":0,"pct":0},"branches":{"total":24,"covered":0,"skipped":0,"pct":0}}
,"/workspace/src/features/favorites/downloaded.ts": {"lines":{"total":0,"covered":0,"skipped":0,"pct":100},"functions":{"total":0,"covered":0,"skipped":0,"pct":100},"statements":{"total":0,"covered":0,"skipped":0,"pct":100},"branches":{"total":0,"covered":0,"skipped":0,"pct":100}}
,"/workspace/src/features/favorites/store.ts": {"lines":{"total":28,"covered":26,"skipped":0,"pct":92.85},"functions":{"total":10,"covered":9,"skipped":0,"pct":90},"statements":{"total":34,"covered":31,"skipped":0,"pct":91.17},"branches":{"total":10,"covered":7,"skipped":0,"pct":70}}
,"/workspace/src/features/favorites/types.ts": {"lines":{"total":0,"covered":0,"skipped":0,"pct":100},"functions":{"total":0,"covered":0,"skipped":0,"pct":100},"statements":{"total":0,"covered":0,"skipped":0,"pct":100},"branches":{"total":0,"covered":0,"skipped":0,"pct":100}}
,"/workspace/src/features/playback/MediaPlayer.tsx": {"lines":{"total":166,"covered":0,"skipped":0,"pct":0},"functions":{"total":31,"covered":0,"skipped":0,"pct":0},"statements":{"total":182,"covered":0,"skipped":0,"pct":0},"branches":{"total":130,"covered":0,"skipped":0,"pct":0}}
,"/workspace/src/features/playback/PlayerWebView.tsx": {"lines":{"total":53,"covered":0,"skipped":0,"pct":0},"functions":{"total":10,"covered":0,"skipped":0,"pct":0},"statements":{"total":58,"covered":0,"skipped":0,"pct":0},"branches":{"total":52,"covered":0,"skipped":0,"pct":0}}
,"/workspace/src/features/playback/StreamResolver.tsx": {"lines":{"total":18,"covered":0,"skipped":0,"pct":0},"functions":{"total":7,"covered":0,"skipped":0,"pct":0},"statements":{"total":21,"covered":0,"skipped":0,"pct":0},"branches":{"total":8,"covered":0,"skipped":0,"pct":0}}
,"/workspace/src/features/playback/streamPick.ts": {"lines":{"total":3,"covered":3,"skipped":0,"pct":100},"functions":{"total":2,"covered":2,"skipped":0,"pct":100},"statements":{"total":4,"covered":4,"skipped":0,"pct":100},"branches":{"total":2,"covered":2,"skipped":0,"pct":100}}
,"/workspace/src/features/playback/offline/OfflinePlayer.tsx": {"lines":{"total":20,"covered":0,"skipped":0,"pct":0},"functions":{"total":4,"covered":0,"skipped":0,"pct":0},"statements":{"total":21,"covered":0,"skipped":0,"pct":0},"branches":{"total":10,"covered":0,"skipped":0,"pct":0}}
,"/workspace/src/features/playback/offline/prepareLocalSource.ts": {"lines":{"total":47,"covered":43,"skipped":0,"pct":91.48},"functions":{"total":4,"covered":4,"skipped":0,"pct":100},"statements":{"total":51,"covered":46,"skipped":0,"pct":90.19},"branches":{"total":36,"covered":27,"skipped":0,"pct":75}}
,"/workspace/src/features/playback/offline/vtt.ts": {"lines":{"total":32,"covered":28,"skipped":0,"pct":87.5},"functions":{"total":4,"covered":4,"skipped":0,"pct":100},"statements":{"total":39,"covered":33,"skipped":0,"pct":84.61},"branches":{"total":24,"covered":17,"skipped":0,"pct":70.83}}
,"/workspace/src/features/settings/db.ts": {"lines":{"total":16,"covered":0,"skipped":0,"pct":0},"functions":{"total":7,"covered":0,"skipped":0,"pct":0},"statements":{"total":17,"covered":0,"skipped":0,"pct":0},"branches":{"total":17,"covered":0,"skipped":0,"pct":0}}
,"/workspace/src/features/settings/pickPreferredQuality.ts": {"lines":{"total":14,"covered":14,"skipped":0,"pct":100},"functions":{"total":6,"covered":6,"skipped":0,"pct":100},"statements":{"total":20,"covered":20,"skipped":0,"pct":100},"branches":{"total":14,"covered":14,"skipped":0,"pct":100}}
,"/workspace/src/features/settings/store.ts": {"lines":{"total":24,"covered":24,"skipped":0,"pct":100},"functions":{"total":6,"covered":6,"skipped":0,"pct":100},"statements":{"total":27,"covered":27,"skipped":0,"pct":100},"branches":{"total":8,"covered":8,"skipped":0,"pct":100}}
,"/workspace/src/features/settings/types.ts": {"lines":{"total":2,"covered":2,"skipped":0,"pct":100},"functions":{"total":0,"covered":0,"skipped":0,"pct":100},"statements":{"total":2,"covered":2,"skipped":0,"pct":100},"branches":{"total":0,"covered":0,"skipped":0,"pct":100}}
,"/workspace/src/features/watch-progress/db.ts": {"lines":{"total":30,"covered":0,"skipped":0,"pct":0},"functions":{"total":9,"covered":0,"skipped":0,"pct":0},"statements":{"total":30,"covered":0,"skipped":0,"pct":0},"branches":{"total":43,"covered":0,"skipped":0,"pct":0}}
,"/workspace/src/features/watch-progress/format.ts": {"lines":{"total":4,"covered":0,"skipped":0,"pct":0},"functions":{"total":1,"covered":0,"skipped":0,"pct":0},"statements":{"total":4,"covered":0,"skipped":0,"pct":0},"branches":{"total":4,"covered":0,"skipped":0,"pct":0}}
,"/workspace/src/features/watch-progress/store.ts": {"lines":{"total":51,"covered":34,"skipped":0,"pct":66.66},"functions":{"total":19,"covered":9,"skipped":0,"pct":47.36},"statements":{"total":57,"covered":37,"skipped":0,"pct":64.91},"branches":{"total":20,"covered":14,"skipped":0,"pct":70}}
,"/workspace/src/features/watch-progress/types.ts": {"lines":{"total":37,"covered":37,"skipped":0,"pct":100},"functions":{"total":6,"covered":6,"skipped":0,"pct":100},"statements":{"total":42,"covered":42,"skipped":0,"pct":100},"branches":{"total":38,"covered":38,"skipped":0,"pct":100}}
,"/workspace/src/screens/catalog/CatalogScreen.tsx": {"lines":{"total":12,"covered":0,"skipped":0,"pct":0},"functions":{"total":7,"covered":0,"skipped":0,"pct":0},"statements":{"total":16,"covered":0,"skipped":0,"pct":0},"branches":{"total":6,"covered":0,"skipped":0,"pct":0}}
,"/workspace/src/screens/downloads/DownloadsScreen.tsx": {"lines":{"total":53,"covered":0,"skipped":0,"pct":0},"functions":{"total":29,"covered":0,"skipped":0,"pct":0},"statements":{"total":63,"covered":0,"skipped":0,"pct":0},"branches":{"total":70,"covered":0,"skipped":0,"pct":0}}
,"/workspace/src/screens/favorites/FavoritesScreen.tsx": {"lines":{"total":13,"covered":0,"skipped":0,"pct":0},"functions":{"total":10,"covered":0,"skipped":0,"pct":0},"statements":{"total":18,"covered":0,"skipped":0,"pct":0},"branches":{"total":4,"covered":0,"skipped":0,"pct":0}}
,"/workspace/src/screens/genre-list/GenreListScreen.tsx": {"lines":{"total":11,"covered":0,"skipped":0,"pct":0},"functions":{"total":5,"covered":0,"skipped":0,"pct":0},"statements":{"total":14,"covered":0,"skipped":0,"pct":0},"branches":{"total":14,"covered":0,"skipped":0,"pct":0}}
,"/workspace/src/screens/genres/GenresScreen.tsx": {"lines":{"total":18,"covered":0,"skipped":0,"pct":0},"functions":{"total":6,"covered":0,"skipped":0,"pct":0},"statements":{"total":18,"covered":0,"skipped":0,"pct":0},"branches":{"total":6,"covered":0,"skipped":0,"pct":0}}
,"/workspace/src/screens/movie-detail/MovieDetailScreen.tsx": {"lines":{"total":173,"covered":0,"skipped":0,"pct":0},"functions":{"total":48,"covered":0,"skipped":0,"pct":0},"statements":{"total":198,"covered":0,"skipped":0,"pct":0},"branches":{"total":306,"covered":0,"skipped":0,"pct":0}}
,"/workspace/src/screens/offline-player/OfflinePlayerScreen.tsx": {"lines":{"total":55,"covered":0,"skipped":0,"pct":0},"functions":{"total":11,"covered":0,"skipped":0,"pct":0},"statements":{"total":62,"covered":0,"skipped":0,"pct":0},"branches":{"total":30,"covered":0,"skipped":0,"pct":0}}
,"/workspace/src/screens/online-player/OnlinePlayerScreen.tsx": {"lines":{"total":45,"covered":0,"skipped":0,"pct":0},"functions":{"total":8,"covered":0,"skipped":0,"pct":0},"statements":{"total":50,"covered":0,"skipped":0,"pct":0},"branches":{"total":45,"covered":0,"skipped":0,"pct":0}}
,"/workspace/src/screens/search/SearchScreen.tsx": {"lines":{"total":40,"covered":0,"skipped":0,"pct":0},"functions":{"total":5,"covered":0,"skipped":0,"pct":0},"statements":{"total":44,"covered":0,"skipped":0,"pct":0},"branches":{"total":22,"covered":0,"skipped":0,"pct":0}}
,"/workspace/src/screens/settings/SettingsScreen.tsx": {"lines":{"total":27,"covered":0,"skipped":0,"pct":0},"functions":{"total":14,"covered":0,"skipped":0,"pct":0},"statements":{"total":31,"covered":0,"skipped":0,"pct":0},"branches":{"total":22,"covered":0,"skipped":0,"pct":0}}
,"/workspace/src/shared/hooks/useBreakpoint.ts": {"lines":{"total":6,"covered":0,"skipped":0,"pct":0},"functions":{"total":1,"covered":0,"skipped":0,"pct":0},"statements":{"total":6,"covered":0,"skipped":0,"pct":0},"branches":{"total":10,"covered":0,"skipped":0,"pct":0}}
,"/workspace/src/shared/i18n/en.ts": {"lines":{"total":1,"covered":1,"skipped":0,"pct":100},"functions":{"total":0,"covered":0,"skipped":0,"pct":100},"statements":{"total":1,"covered":1,"skipped":0,"pct":100},"branches":{"total":0,"covered":0,"skipped":0,"pct":100}}
,"/workspace/src/shared/i18n/index.ts": {"lines":{"total":9,"covered":9,"skipped":0,"pct":100},"functions":{"total":5,"covered":5,"skipped":0,"pct":100},"statements":{"total":9,"covered":9,"skipped":0,"pct":100},"branches":{"total":4,"covered":4,"skipped":0,"pct":100}}
,"/workspace/src/shared/i18n/ru.ts": {"lines":{"total":1,"covered":1,"skipped":0,"pct":100},"functions":{"total":0,"covered":0,"skipped":0,"pct":100},"statements":{"total":1,"covered":1,"skipped":0,"pct":100},"branches":{"total":0,"covered":0,"skipped":0,"pct":100}}
,"/workspace/src/shared/lib/errorMessage.ts": {"lines":{"total":1,"covered":0,"skipped":0,"pct":0},"functions":{"total":1,"covered":0,"skipped":0,"pct":0},"statements":{"total":1,"covered":0,"skipped":0,"pct":0},"branches":{"total":2,"covered":0,"skipped":0,"pct":0}}
,"/workspace/src/shared/lib/usePaginatedMovies.ts": {"lines":{"total":42,"covered":0,"skipped":0,"pct":0},"functions":{"total":11,"covered":0,"skipped":0,"pct":0},"statements":{"total":54,"covered":0,"skipped":0,"pct":0},"branches":{"total":28,"covered":0,"skipped":0,"pct":0}}
,"/workspace/src/shared/lib/userAgent.ts": {"lines":{"total":1,"covered":0,"skipped":0,"pct":0},"functions":{"total":0,"covered":0,"skipped":0,"pct":100},"statements":{"total":1,"covered":0,"skipped":0,"pct":0},"branches":{"total":0,"covered":0,"skipped":0,"pct":100}}
,"/workspace/src/shared/theme/colors.ts": {"lines":{"total":1,"covered":1,"skipped":0,"pct":100},"functions":{"total":0,"covered":0,"skipped":0,"pct":100},"statements":{"total":1,"covered":1,"skipped":0,"pct":100},"branches":{"total":0,"covered":0,"skipped":0,"pct":100}}
,"/workspace/src/shared/theme/index.ts": {"lines":{"total":0,"covered":0,"skipped":0,"pct":100},"functions":{"total":0,"covered":0,"skipped":0,"pct":100},"statements":{"total":0,"covered":0,"skipped":0,"pct":100},"branches":{"total":0,"covered":0,"skipped":0,"pct":100}}
,"/workspace/src/shared/theme/spacing.ts": {"lines":{"total":2,"covered":2,"skipped":0,"pct":100},"functions":{"total":0,"covered":0,"skipped":0,"pct":100},"statements":{"total":2,"covered":2,"skipped":0,"pct":100},"branches":{"total":0,"covered":0,"skipped":0,"pct":100}}
,"/workspace/src/shared/theme/typography.ts": {"lines":{"total":2,"covered":2,"skipped":0,"pct":100},"functions":{"total":0,"covered":0,"skipped":0,"pct":100},"statements":{"total":2,"covered":2,"skipped":0,"pct":100},"branches":{"total":0,"covered":0,"skipped":0,"pct":100}}
,"/workspace/src/shared/ui/ConfirmDialog.tsx": {"lines":{"total":3,"covered":0,"skipped":0,"pct":0},"functions":{"total":1,"covered":0,"skipped":0,"pct":0},"statements":{"total":4,"covered":0,"skipped":0,"pct":0},"branches":{"total":14,"covered":0,"skipped":0,"pct":0}}
,"/workspace/src/shared/ui/ContinueWatchingRail.tsx": {"lines":{"total":38,"covered":0,"skipped":0,"pct":0},"functions":{"total":16,"covered":0,"skipped":0,"pct":0},"statements":{"total":50,"covered":0,"skipped":0,"pct":0},"branches":{"total":40,"covered":0,"skipped":0,"pct":0}}
,"/workspace/src/shared/ui/DownloadSheet.tsx": {"lines":{"total":87,"covered":0,"skipped":0,"pct":0},"functions":{"total":21,"covered":0,"skipped":0,"pct":0},"statements":{"total":92,"covered":0,"skipped":0,"pct":0},"branches":{"total":80,"covered":0,"skipped":0,"pct":0}}
,"/workspace/src/shared/ui/EmptyState.tsx": {"lines":{"total":2,"covered":0,"skipped":0,"pct":0},"functions":{"total":1,"covered":0,"skipped":0,"pct":0},"statements":{"total":2,"covered":0,"skipped":0,"pct":0},"branches":{"total":2,"covered":0,"skipped":0,"pct":0}}
,"/workspace/src/shared/ui/GenresBanner.tsx": {"lines":{"total":5,"covered":0,"skipped":0,"pct":0},"functions":{"total":3,"covered":0,"skipped":0,"pct":0},"statements":{"total":5,"covered":0,"skipped":0,"pct":0},"branches":{"total":2,"covered":0,"skipped":0,"pct":0}}
,"/workspace/src/shared/ui/MovieCard.tsx": {"lines":{"total":11,"covered":0,"skipped":0,"pct":0},"functions":{"total":2,"covered":0,"skipped":0,"pct":0},"statements":{"total":12,"covered":0,"skipped":0,"pct":0},"branches":{"total":32,"covered":0,"skipped":0,"pct":0}}
,"/workspace/src/shared/ui/MovieGrid.tsx": {"lines":{"total":19,"covered":0,"skipped":0,"pct":0},"functions":{"total":6,"covered":0,"skipped":0,"pct":0},"statements":{"total":19,"covered":0,"skipped":0,"pct":0},"branches":{"total":31,"covered":0,"skipped":0,"pct":0}}
,"/workspace/src/shared/ui/Screen.tsx": {"lines":{"total":2,"covered":0,"skipped":0,"pct":0},"functions":{"total":1,"covered":0,"skipped":0,"pct":0},"statements":{"total":2,"covered":0,"skipped":0,"pct":0},"branches":{"total":11,"covered":0,"skipped":0,"pct":0}}
,"/workspace/src/shared/ui/YoutubeDownloadSheet.tsx": {"lines":{"total":77,"covered":0,"skipped":0,"pct":0},"functions":{"total":20,"covered":0,"skipped":0,"pct":0},"statements":{"total":83,"covered":0,"skipped":0,"pct":0},"branches":{"total":52,"covered":0,"skipped":0,"pct":0}}
,"/workspace/src/shared/ui/sheetStyles.ts": {"lines":{"total":1,"covered":0,"skipped":0,"pct":0},"functions":{"total":0,"covered":0,"skipped":0,"pct":100},"statements":{"total":1,"covered":0,"skipped":0,"pct":0},"branches":{"total":0,"covered":0,"skipped":0,"pct":100}}
}
